<?xml version="1.0" encoding="UTF-8"?>
<!-- Generated by org.testng.reporters.JUnitXMLReporter -->
<testsuite ignored="0" hostname="DESKTOP-CATJNUB" failures="1" tests="3" name="ErrorValidation" time="22.556" errors="0" timestamp="2022-10-17T13:47:41 EDT">
  <testcase classname="AkarCorp.Tests.ErrorValidationTest" name="errorValidationLogin" time="0.85">
    <skipped/>
  </testcase> <!-- errorValidationLogin -->
  <testcase classname="AkarCorp.Tests.ErrorValidationTest" name="errorValidationLogin" time="1.428">
    <failure type="java.lang.AssertionError" message="expected [Incorrect email or password.] but found [Incorrect email or password1.]">
      <![CDATA[java.lang.AssertionError: expected [Incorrect email or password.] but found [Incorrect email or password1.]
at AkarCorp.Tests.ErrorValidationTest.errorValidationLogin(ErrorValidationTest.java:21)
at java.base/java.util.ArrayList.forEach(ArrayList.java:1511)
at java.base/java.util.concurrent.FutureTask.run(FutureTask.java:264)
at java.base/java.util.concurrent.ThreadPoolExecutor.runWorker(ThreadPoolExecutor.java:1136)
at java.base/java.util.concurrent.ThreadPoolExecutor$Worker.run(ThreadPoolExecutor.java:635)
at java.base/java.lang.Thread.run(Thread.java:833)
... Removed 23 stack frames]]>
    </failure>
  </testcase> <!-- errorValidationLogin -->
  <testcase classname="AkarCorp.Tests.ErrorValidationTest" name="errorValidationSubmitOrder" time="2.751"/>
</testsuite> <!-- ErrorValidation -->
