<?xml version="1.0" encoding="UTF-8"?>
<testng-results retried="1" ignored="0" total="7" passed="5" failed="1" skipped="0">
  <reporter-output>
  </reporter-output>
  <suite started-at="2022-10-17T13:47:18 EDT" name="Suite" finished-at="2022-10-17T13:47:51 EDT" duration-ms="32882">
    <groups>
      <group name="ErrorHandling">
        <method signature="ErrorValidationTest.errorValidationLogin()[pri:0, instance:AkarCorp.Tests.ErrorValidationTest@42bc14c1]" name="errorValidationLogin" class="AkarCorp.Tests.ErrorValidationTest"/>
        <method signature="ErrorValidationTest.errorValidationSubmitOrder()[pri:0, instance:AkarCorp.Tests.ErrorValidationTest@42bc14c1]" name="errorValidationSubmitOrder" class="AkarCorp.Tests.ErrorValidationTest"/>
      </group> <!-- ErrorHandling -->
      <group name="Purchase">
        <method signature="SubmitOrderTest.orderSubmit(java.util.HashMap)[pri:0, instance:AkarCorp.Tests.SubmitOrderTest@49ff7d8c]" name="orderSubmit" class="AkarCorp.Tests.SubmitOrderTest"/>
        <method signature="SubmitOrderTest.orderHistoryVerify(java.lang.String,java.lang.String,java.lang.String)[pri:0, instance:AkarCorp.Tests.SubmitOrderTest@49ff7d8c]" name="orderHistoryVerify" class="AkarCorp.Tests.SubmitOrderTest"/>
      </group> <!-- Purchase -->
    </groups>
    <test started-at="2022-10-17T13:47:18 EDT" name="ErrorValidation" finished-at="2022-10-17T13:47:41 EDT" duration-ms="22556">
      <class name="AkarCorp.Tests.ErrorValidationTest">
        <test-method is-config="true" signature="launchApplication()[pri:0, instance:AkarCorp.Tests.ErrorValidationTest@42bc14c1]" started-at="2022-10-17T13:47:18 EDT" name="launchApplication" finished-at="2022-10-17T13:47:26 EDT" duration-ms="7645" status="PASS">
          <reporter-output>
          </reporter-output>
        </test-method> <!-- launchApplication -->
        <test-method retried="true" signature="errorValidationLogin()[pri:0, instance:AkarCorp.Tests.ErrorValidationTest@42bc14c1]" started-at="2022-10-17T13:47:26 EDT" name="errorValidationLogin" finished-at="2022-10-17T13:47:27 EDT" duration-ms="850" status="SKIP">
          <exception class="java.lang.AssertionError">
            <message>
              <![CDATA[expected [Incorrect email or password.] but found [Incorrect email or password1.]]]>
            </message>
            <full-stacktrace>
              <![CDATA[java.lang.AssertionError: expected [Incorrect email or password.] but found [Incorrect email or password1.]
at org.testng.Assert.fail(Assert.java:110)
at org.testng.Assert.failNotEquals(Assert.java:1413)
at org.testng.Assert.assertEqualsImpl(Assert.java:149)
at org.testng.Assert.assertEquals(Assert.java:131)
at org.testng.Assert.assertEquals(Assert.java:655)
at org.testng.Assert.assertEquals(Assert.java:665)
at AkarCorp.Tests.ErrorValidationTest.errorValidationLogin(ErrorValidationTest.java:21)
at java.base/jdk.internal.reflect.NativeMethodAccessorImpl.invoke0(Native Method)
at java.base/jdk.internal.reflect.NativeMethodAccessorImpl.invoke(NativeMethodAccessorImpl.java:77)
at java.base/jdk.internal.reflect.DelegatingMethodAccessorImpl.invoke(DelegatingMethodAccessorImpl.java:43)
at java.base/java.lang.reflect.Method.invoke(Method.java:568)
at org.testng.internal.invokers.MethodInvocationHelper.invokeMethod(MethodInvocationHelper.java:139)
at org.testng.internal.invokers.TestInvoker.invokeMethod(TestInvoker.java:677)
at org.testng.internal.invokers.TestInvoker.invokeTestMethod(TestInvoker.java:221)
at org.testng.internal.invokers.MethodRunner.runInSequence(MethodRunner.java:50)
at org.testng.internal.invokers.TestInvoker$MethodInvocationAgent.invoke(TestInvoker.java:962)
at org.testng.internal.invokers.TestInvoker.invokeTestMethods(TestInvoker.java:194)
at org.testng.internal.invokers.TestMethodWorker.invokeTestMethods(TestMethodWorker.java:148)
at org.testng.internal.invokers.TestMethodWorker.run(TestMethodWorker.java:128)
at java.base/java.util.ArrayList.forEach(ArrayList.java:1511)
at org.testng.TestRunner.privateRun(TestRunner.java:806)
at org.testng.TestRunner.run(TestRunner.java:601)
at org.testng.SuiteRunner.runTest(SuiteRunner.java:433)
at org.testng.SuiteRunner$SuiteWorker.run(SuiteRunner.java:471)
at org.testng.internal.thread.ThreadUtil.lambda$execute$0(ThreadUtil.java:58)
at java.base/java.util.concurrent.FutureTask.run(FutureTask.java:264)
at java.base/java.util.concurrent.ThreadPoolExecutor.runWorker(ThreadPoolExecutor.java:1136)
at java.base/java.util.concurrent.ThreadPoolExecutor$Worker.run(ThreadPoolExecutor.java:635)
at java.base/java.lang.Thread.run(Thread.java:833)
]]>
            </full-stacktrace>
          </exception> <!-- java.lang.AssertionError -->
          <reporter-output>
          </reporter-output>
        </test-method> <!-- errorValidationLogin -->
        <test-method is-config="true" signature="tearDown()[pri:0, instance:AkarCorp.Tests.ErrorValidationTest@42bc14c1]" started-at="2022-10-17T13:47:27 EDT" name="tearDown" finished-at="2022-10-17T13:47:27 EDT" duration-ms="325" status="PASS">
          <reporter-output>
          </reporter-output>
        </test-method> <!-- tearDown -->
        <test-method is-config="true" signature="launchApplication()[pri:0, instance:AkarCorp.Tests.ErrorValidationTest@42bc14c1]" started-at="2022-10-17T13:47:27 EDT" name="launchApplication" finished-at="2022-10-17T13:47:31 EDT" duration-ms="4450" status="PASS">
          <reporter-output>
          </reporter-output>
        </test-method> <!-- launchApplication -->
        <test-method signature="errorValidationLogin()[pri:0, instance:AkarCorp.Tests.ErrorValidationTest@42bc14c1]" started-at="2022-10-17T13:47:31 EDT" name="errorValidationLogin" finished-at="2022-10-17T13:47:33 EDT" duration-ms="1428" status="FAIL">
          <exception class="java.lang.AssertionError">
            <message>
              <![CDATA[expected [Incorrect email or password.] but found [Incorrect email or password1.]]]>
            </message>
            <full-stacktrace>
              <![CDATA[java.lang.AssertionError: expected [Incorrect email or password.] but found [Incorrect email or password1.]
at org.testng.Assert.fail(Assert.java:110)
at org.testng.Assert.failNotEquals(Assert.java:1413)
at org.testng.Assert.assertEqualsImpl(Assert.java:149)
at org.testng.Assert.assertEquals(Assert.java:131)
at org.testng.Assert.assertEquals(Assert.java:655)
at org.testng.Assert.assertEquals(Assert.java:665)
at AkarCorp.Tests.ErrorValidationTest.errorValidationLogin(ErrorValidationTest.java:21)
at java.base/jdk.internal.reflect.NativeMethodAccessorImpl.invoke0(Native Method)
at java.base/jdk.internal.reflect.NativeMethodAccessorImpl.invoke(NativeMethodAccessorImpl.java:77)
at java.base/jdk.internal.reflect.DelegatingMethodAccessorImpl.invoke(DelegatingMethodAccessorImpl.java:43)
at java.base/java.lang.reflect.Method.invoke(Method.java:568)
at org.testng.internal.invokers.MethodInvocationHelper.invokeMethod(MethodInvocationHelper.java:139)
at org.testng.internal.invokers.TestInvoker.invokeMethod(TestInvoker.java:677)
at org.testng.internal.invokers.TestInvoker.retryFailed(TestInvoker.java:263)
at org.testng.internal.invokers.MethodRunner.runInSequence(MethodRunner.java:62)
at org.testng.internal.invokers.TestInvoker$MethodInvocationAgent.invoke(TestInvoker.java:962)
at org.testng.internal.invokers.TestInvoker.invokeTestMethods(TestInvoker.java:194)
at org.testng.internal.invokers.TestMethodWorker.invokeTestMethods(TestMethodWorker.java:148)
at org.testng.internal.invokers.TestMethodWorker.run(TestMethodWorker.java:128)
at java.base/java.util.ArrayList.forEach(ArrayList.java:1511)
at org.testng.TestRunner.privateRun(TestRunner.java:806)
at org.testng.TestRunner.run(TestRunner.java:601)
at org.testng.SuiteRunner.runTest(SuiteRunner.java:433)
at org.testng.SuiteRunner$SuiteWorker.run(SuiteRunner.java:471)
at org.testng.internal.thread.ThreadUtil.lambda$execute$0(ThreadUtil.java:58)
at java.base/java.util.concurrent.FutureTask.run(FutureTask.java:264)
at java.base/java.util.concurrent.ThreadPoolExecutor.runWorker(ThreadPoolExecutor.java:1136)
at java.base/java.util.concurrent.ThreadPoolExecutor$Worker.run(ThreadPoolExecutor.java:635)
at java.base/java.lang.Thread.run(Thread.java:833)
]]>
            </full-stacktrace>
          </exception> <!-- java.lang.AssertionError -->
          <reporter-output>
          </reporter-output>
        </test-method> <!-- errorValidationLogin -->
        <test-method is-config="true" signature="tearDown()[pri:0, instance:AkarCorp.Tests.ErrorValidationTest@42bc14c1]" started-at="2022-10-17T13:47:33 EDT" name="tearDown" finished-at="2022-10-17T13:47:34 EDT" duration-ms="197" status="PASS">
          <reporter-output>
          </reporter-output>
        </test-method> <!-- tearDown -->
        <test-method is-config="true" signature="launchApplication()[pri:0, instance:AkarCorp.Tests.ErrorValidationTest@42bc14c1]" started-at="2022-10-17T13:47:34 EDT" name="launchApplication" finished-at="2022-10-17T13:47:37 EDT" duration-ms="3946" status="PASS">
          <reporter-output>
          </reporter-output>
        </test-method> <!-- launchApplication -->
        <test-method signature="errorValidationSubmitOrder()[pri:0, instance:AkarCorp.Tests.ErrorValidationTest@42bc14c1]" started-at="2022-10-17T13:47:37 EDT" name="errorValidationSubmitOrder" finished-at="2022-10-17T13:47:40 EDT" duration-ms="2751" status="PASS">
          <reporter-output>
          </reporter-output>
        </test-method> <!-- errorValidationSubmitOrder -->
        <test-method is-config="true" signature="tearDown()[pri:0, instance:AkarCorp.Tests.ErrorValidationTest@42bc14c1]" started-at="2022-10-17T13:47:40 EDT" name="tearDown" finished-at="2022-10-17T13:47:41 EDT" duration-ms="311" status="PASS">
          <reporter-output>
          </reporter-output>
        </test-method> <!-- tearDown -->
      </class> <!-- AkarCorp.Tests.ErrorValidationTest -->
    </test> <!-- ErrorValidation -->
    <test started-at="2022-10-17T13:47:18 EDT" name="Submit Order Test" finished-at="2022-10-17T13:47:51 EDT" duration-ms="32882">
      <class name="AkarCorp.Tests.SubmitOrderTest">
        <test-method is-config="true" signature="launchApplication()[pri:0, instance:AkarCorp.Tests.SubmitOrderTest@49ff7d8c]" started-at="2022-10-17T13:47:18 EDT" name="launchApplication" finished-at="2022-10-17T13:47:26 EDT" duration-ms="7578" status="PASS">
          <reporter-output>
          </reporter-output>
        </test-method> <!-- launchApplication -->
        <test-method signature="orderSubmit(java.util.HashMap)[pri:0, instance:AkarCorp.Tests.SubmitOrderTest@49ff7d8c]" started-at="2022-10-17T13:47:26 EDT" name="orderSubmit" data-provider="getDataForSubmitOrder" finished-at="2022-10-17T13:47:32 EDT" duration-ms="5615" status="PASS">
          <params>
            <param index="0">
              <value>
                <![CDATA[{password=P@trick1, product=ZARA COAT 3, email=patrickbateman@email.com}]]>
              </value>
            </param>
          </params>
          <reporter-output>
          </reporter-output>
        </test-method> <!-- orderSubmit -->
        <test-method is-config="true" signature="tearDown()[pri:0, instance:AkarCorp.Tests.SubmitOrderTest@49ff7d8c]" started-at="2022-10-17T13:47:32 EDT" name="tearDown" finished-at="2022-10-17T13:47:32 EDT" duration-ms="309" status="PASS">
          <reporter-output>
          </reporter-output>
        </test-method> <!-- tearDown -->
        <test-method is-config="true" signature="launchApplication()[pri:0, instance:AkarCorp.Tests.SubmitOrderTest@49ff7d8c]" started-at="2022-10-17T13:47:32 EDT" name="launchApplication" finished-at="2022-10-17T13:47:36 EDT" duration-ms="4195" status="PASS">
          <reporter-output>
          </reporter-output>
        </test-method> <!-- launchApplication -->
        <test-method signature="orderSubmit(java.util.HashMap)[pri:0, instance:AkarCorp.Tests.SubmitOrderTest@49ff7d8c]" started-at="2022-10-17T13:47:36 EDT" name="orderSubmit" data-provider="getDataForSubmitOrder" finished-at="2022-10-17T13:47:40 EDT" duration-ms="4015" status="PASS">
          <params>
            <param index="0">
              <value>
                <![CDATA[{password=P@ul@llen1, product=ADIDAS ORIGINAL, email=paulallen@email.com}]]>
              </value>
            </param>
          </params>
          <reporter-output>
          </reporter-output>
        </test-method> <!-- orderSubmit -->
        <test-method is-config="true" signature="tearDown()[pri:0, instance:AkarCorp.Tests.SubmitOrderTest@49ff7d8c]" started-at="2022-10-17T13:47:40 EDT" name="tearDown" finished-at="2022-10-17T13:47:40 EDT" duration-ms="240" status="PASS">
          <reporter-output>
          </reporter-output>
        </test-method> <!-- tearDown -->
        <test-method is-config="true" signature="launchApplication()[pri:0, instance:AkarCorp.Tests.SubmitOrderTest@49ff7d8c]" started-at="2022-10-17T13:47:40 EDT" name="launchApplication" finished-at="2022-10-17T13:47:44 EDT" duration-ms="4201" status="PASS">
          <reporter-output>
          </reporter-output>
        </test-method> <!-- launchApplication -->
        <test-method signature="orderHistoryVerify(java.lang.String,java.lang.String,java.lang.String)[pri:0, instance:AkarCorp.Tests.SubmitOrderTest@49ff7d8c]" started-at="2022-10-17T13:47:44 EDT" name="orderHistoryVerify" data-provider="getDataForVerifyOrder" finished-at="2022-10-17T13:47:45 EDT" depends-on-methods="AkarCorp.Tests.SubmitOrderTest.orderSubmit" duration-ms="958" status="PASS">
          <params>
            <param index="0">
              <value>
                <![CDATA[patrickbateman@email.com]]>
              </value>
            </param>
            <param index="1">
              <value>
                <![CDATA[P@trick1]]>
              </value>
            </param>
            <param index="2">
              <value>
                <![CDATA[ZARA COAT 3]]>
              </value>
            </param>
          </params>
          <reporter-output>
          </reporter-output>
        </test-method> <!-- orderHistoryVerify -->
        <test-method is-config="true" signature="tearDown()[pri:0, instance:AkarCorp.Tests.SubmitOrderTest@49ff7d8c]" started-at="2022-10-17T13:47:45 EDT" name="tearDown" finished-at="2022-10-17T13:47:46 EDT" duration-ms="275" status="PASS">
          <reporter-output>
          </reporter-output>
        </test-method> <!-- tearDown -->
        <test-method is-config="true" signature="launchApplication()[pri:0, instance:AkarCorp.Tests.SubmitOrderTest@49ff7d8c]" started-at="2022-10-17T13:47:46 EDT" name="launchApplication" finished-at="2022-10-17T13:47:50 EDT" duration-ms="3967" status="PASS">
          <reporter-output>
          </reporter-output>
        </test-method> <!-- launchApplication -->
        <test-method signature="orderHistoryVerify(java.lang.String,java.lang.String,java.lang.String)[pri:0, instance:AkarCorp.Tests.SubmitOrderTest@49ff7d8c]" started-at="2022-10-17T13:47:50 EDT" name="orderHistoryVerify" data-provider="getDataForVerifyOrder" finished-at="2022-10-17T13:47:51 EDT" depends-on-methods="AkarCorp.Tests.SubmitOrderTest.orderSubmit" duration-ms="923" status="PASS">
          <params>
            <param index="0">
              <value>
                <![CDATA[paulallen@email.com]]>
              </value>
            </param>
            <param index="1">
              <value>
                <![CDATA[P@ul@llen1]]>
              </value>
            </param>
            <param index="2">
              <value>
                <![CDATA[ADIDAS ORIGINAL]]>
              </value>
            </param>
          </params>
          <reporter-output>
          </reporter-output>
        </test-method> <!-- orderHistoryVerify -->
        <test-method is-config="true" signature="tearDown()[pri:0, instance:AkarCorp.Tests.SubmitOrderTest@49ff7d8c]" started-at="2022-10-17T13:47:51 EDT" name="tearDown" finished-at="2022-10-17T13:47:51 EDT" duration-ms="238" status="PASS">
          <reporter-output>
          </reporter-output>
        </test-method> <!-- tearDown -->
      </class> <!-- AkarCorp.Tests.SubmitOrderTest -->
    </test> <!-- Submit Order Test -->
  </suite> <!-- Suite -->
</testng-results>
